# JRE version: OpenJDK Runtime Environment Microsoft-8035246 (17.0.8+7) (build 17.0.8+7-LTS)
# Java VM: OpenJDK 64-Bit Server VM Microsoft-8035246 (17.0.8+7-LTS, mixed mode, sharing, tiered, compressed oops, compressed class ptrs, g1 gc, windows-amd64)
GC Precious Log:
 CPUs: 4 total, 4 available
 Memory: 7135M
 Large Page Support: Disabled
 NUMA Support: Disabled
 Compressed Oops: Enabled (32-bit)
 Heap Region Size: 1M
 Heap Min Capacity: 8M
 Heap Initial Capacity: 112M
 Heap Max Capacity: 2G
 Pre-touch: Disabled
 Parallel Workers: 4
 Concurrent Workers: 1
 Concurrent Refinement Workers: 4
 Periodic GC: Disabled
Heap:
 garbage-first heap   total 475136K, used 316880K [0x0000000080000000, 0x0000000100000000)
  region size 1024K, 178 young (182272K), 1 survivors (1024K)
 Metaspace       used 98009K, committed 98944K, reserved 557056K
  class space    used 13688K, committed 14144K, reserved 425984K
GC Heap History (20 events):
Event: 41.078 GC heap before
{Heap before GC invocations=43 (full 0):
 garbage-first heap   total 152576K, used 90734K [0x0000000080000000, 0x0000000100000000)
  region size 1024K, 7 young (7168K), 3 survivors (3072K)
 Metaspace       used 75009K, committed 75776K, reserved 491520K
  class space    used 10449K, committed 10816K, reserved 425984K
}
Event: 41.086 GC heap after
{Heap after GC invocations=44 (full 0):
 garbage-first heap   total 220160K, used 86466K [0x0000000080000000, 0x0000000100000000)
  region size 1024K, 1 young (1024K), 1 survivors (1024K)
 Metaspace       used 75009K, committed 75776K, reserved 491520K
  class space    used 10449K, committed 10816K, reserved 425984K
}
Event: 49.575 GC heap before
{Heap before GC invocations=44 (full 0):
 garbage-first heap   total 220160K, used 162242K [0x0000000080000000, 0x0000000100000000)
  region size 1024K, 75 young (76800K), 1 survivors (1024K)
 Metaspace       used 77589K, committed 78400K, reserved 557056K
  class space    used 10796K, committed 11200K, reserved 425984K
}
Event: 49.586 GC heap after
{Heap after GC invocations=45 (full 0):
 garbage-first heap   total 220160K, used 91649K [0x0000000080000000, 0x0000000100000000)
  region size 1024K, 6 young (6144K), 6 survivors (6144K)
 Metaspace       used 77589K, committed 78400K, reserved 557056K
  class space    used 10796K, committed 11200K, reserved 425984K
}
Event: 51.417 GC heap before
{Heap before GC invocations=45 (full 0):
 garbage-first heap   total 220160K, used 168449K [0x0000000080000000, 0x0000000100000000)
  region size 1024K, 81 young (82944K), 6 survivors (6144K)
 Metaspace       used 82820K, committed 83648K, reserved 557056K
  class space    used 11691K, committed 12096K, reserved 425984K
}
Event: 51.435 GC heap after
{Heap after GC invocations=46 (full 0):
 garbage-first heap   total 220160K, used 94056K [0x0000000080000000, 0x0000000100000000)
  region size 1024K, 8 young (8192K), 8 survivors (8192K)
 Metaspace       used 82820K, committed 83648K, reserved 557056K
  class space    used 11691K, committed 12096K, reserved 425984K
}
Event: 53.543 GC heap before
{Heap before GC invocations=46 (full 0):
 garbage-first heap   total 220160K, used 174952K [0x0000000080000000, 0x0000000100000000)
  region size 1024K, 85 young (87040K), 8 survivors (8192K)
 Metaspace       used 87860K, committed 88640K, reserved 557056K
  class space    used 12358K, committed 12672K, reserved 425984K
}
Event: 53.569 GC heap after
{Heap after GC invocations=47 (full 0):
 garbage-first heap   total 220160K, used 107091K [0x0000000080000000, 0x0000000100000000)
  region size 1024K, 11 young (11264K), 11 survivors (11264K)
 Metaspace       used 87860K, committed 88640K, reserved 557056K
  class space    used 12358K, committed 12672K, reserved 425984K
}
Event: 54.608 GC heap before
{Heap before GC invocations=47 (full 0):
 garbage-first heap   total 220160K, used 138835K [0x0000000080000000, 0x0000000100000000)
  region size 1024K, 41 young (41984K), 11 survivors (11264K)
 Metaspace       used 88296K, committed 89088K, reserved 557056K
  class space    used 12395K, committed 12736K, reserved 425984K
}
Event: 54.633 GC heap after
{Heap after GC invocations=48 (full 0):
 garbage-first heap   total 220160K, used 116736K [0x0000000080000000, 0x0000000100000000)
  region size 1024K, 7 young (7168K), 7 survivors (7168K)
 Metaspace       used 88296K, committed 89088K, reserved 557056K
  class space    used 12395K, committed 12736K, reserved 425984K
}
Event: 56.591 GC heap before
{Heap before GC invocations=49 (full 0):
 garbage-first heap   total 220160K, used 173056K [0x0000000080000000, 0x0000000100000000)
  region size 1024K, 60 young (61440K), 7 survivors (7168K)
 Metaspace       used 89172K, committed 90112K, reserved 557056K
  class space    used 12501K, committed 12928K, reserved 425984K
}
Event: 56.624 GC heap after
{Heap after GC invocations=50 (full 0):
 garbage-first heap   total 220160K, used 131072K [0x0000000080000000, 0x0000000100000000)
  region size 1024K, 8 young (8192K), 8 survivors (8192K)
 Metaspace       used 89172K, committed 90112K, reserved 557056K
  class space    used 12501K, committed 12928K, reserved 425984K
}
Event: 56.666 GC heap before
{Heap before GC invocations=50 (full 0):
 garbage-first heap   total 220160K, used 133120K [0x0000000080000000, 0x0000000100000000)
  region size 1024K, 10 young (10240K), 8 survivors (8192K)
 Metaspace       used 89303K, committed 90176K, reserved 557056K
  class space    used 12519K, committed 12928K, reserved 425984K
}
Event: 56.695 GC heap after
{Heap after GC invocations=51 (full 0):
 garbage-first heap   total 220160K, used 131665K [0x0000000080000000, 0x0000000100000000)
  region size 1024K, 1 young (1024K), 1 survivors (1024K)
 Metaspace       used 89303K, committed 90176K, reserved 557056K
  class space    used 12519K, committed 12928K, reserved 425984K
}
Event: 57.718 GC heap before
{Heap before GC invocations=51 (full 0):
 garbage-first heap   total 220160K, used 173649K [0x0000000080000000, 0x0000000100000000)
  region size 1024K, 42 young (43008K), 1 survivors (1024K)
 Metaspace       used 92361K, committed 93312K, reserved 557056K
  class space    used 12995K, committed 13440K, reserved 425984K
}
Event: 57.730 GC heap after
{Heap after GC invocations=52 (full 0):
 garbage-first heap   total 220160K, used 133047K [0x0000000080000000, 0x0000000100000000)
  region size 1024K, 3 young (3072K), 3 survivors (3072K)
 Metaspace       used 92361K, committed 93312K, reserved 557056K
  class space    used 12995K, committed 13440K, reserved 425984K
}
Event: 59.179 GC heap before
{Heap before GC invocations=53 (full 0):
 garbage-first heap   total 237568K, used 175031K [0x0000000080000000, 0x0000000100000000)
  region size 1024K, 44 young (45056K), 3 survivors (3072K)
 Metaspace       used 94799K, committed 95680K, reserved 557056K
  class space    used 13309K, committed 13696K, reserved 425984K
}
Event: 59.198 GC heap after
{Heap after GC invocations=54 (full 0):
 garbage-first heap   total 237568K, used 136440K [0x0000000080000000, 0x0000000100000000)
  region size 1024K, 6 young (6144K), 6 survivors (6144K)
 Metaspace       used 94799K, committed 95680K, reserved 557056K
  class space    used 13309K, committed 13696K, reserved 425984K
}
Event: 59.305 GC heap before
{Heap before GC invocations=54 (full 0):
 garbage-first heap   total 237568K, used 140536K [0x0000000080000000, 0x0000000100000000)
  region size 1024K, 11 young (11264K), 6 survivors (6144K)
 Metaspace       used 95107K, committed 96000K, reserved 557056K
  class space    used 13345K, committed 13760K, reserved 425984K
}
Event: 59.330 GC heap after
{Heap after GC invocations=55 (full 0):
 garbage-first heap   total 475136K, used 136656K [0x0000000080000000, 0x0000000100000000)
  region size 1024K, 1 young (1024K), 1 survivors (1024K)
 Metaspace       used 95107K, committed 96000K, reserved 557056K
  class space    used 13345K, committed 13760K, reserved 425984K
}

