# JRE version: OpenJDK Runtime Environment Microsoft-8035246 (17.0.8+7) (build 17.0.8+7-LTS)
# Java VM: OpenJDK 64-Bit Server VM Microsoft-8035246 (17.0.8+7-LTS, mixed mode, sharing, tiered, compressed oops, compressed class ptrs, g1 gc, windows-amd64)
GC Precious Log:
 CPUs: 4 total, 4 available
 Memory: 7135M
 Large Page Support: Disabled
 NUMA Support: Disabled
 Compressed Oops: Enabled (32-bit)
 Heap Region Size: 1M
 Heap Min Capacity: 8M
 Heap Initial Capacity: 112M
 Heap Max Capacity: 2G
 Pre-touch: Disabled
 Parallel Workers: 4
 Concurrent Workers: 1
 Concurrent Refinement Workers: 4
 Periodic GC: Disabled
Heap:
 garbage-first heap   total 242688K, used 175077K [0x0000000080000000, 0x0000000100000000)
  region size 1024K, 30 young (30720K), 7 survivors (7168K)
 Metaspace       used 98058K, committed 99072K, reserved 557056K
  class space    used 13667K, committed 14144K, reserved 425984K
GC Heap History (20 events):
Event: 148.548 GC heap before
{Heap before GC invocations=66 (full 0):
 garbage-first heap   total 201728K, used 130048K [0x0000000080000000, 0x0000000100000000)
  region size 1024K, 9 young (9216K), 2 survivors (2048K)
 Metaspace       used 88681K, committed 89536K, reserved 557056K
  class space    used 12451K, committed 12864K, reserved 425984K
}
Event: 148.562 GC heap after
{Heap after GC invocations=67 (full 0):
 garbage-first heap   total 201728K, used 124211K [0x0000000080000000, 0x0000000100000000)
  region size 1024K, 2 young (2048K), 2 survivors (2048K)
 Metaspace       used 88681K, committed 89536K, reserved 557056K
  class space    used 12451K, committed 12864K, reserved 425984K
}
Event: 151.457 GC heap before
{Heap before GC invocations=67 (full 0):
 garbage-first heap   total 201728K, used 154931K [0x0000000080000000, 0x0000000100000000)
  region size 1024K, 32 young (32768K), 2 survivors (2048K)
 Metaspace       used 89127K, committed 90048K, reserved 557056K
  class space    used 12494K, committed 12928K, reserved 425984K
}
Event: 151.470 GC heap after
{Heap after GC invocations=68 (full 0):
 garbage-first heap   total 201728K, used 132543K [0x0000000080000000, 0x0000000100000000)
  region size 1024K, 4 young (4096K), 4 survivors (4096K)
 Metaspace       used 89127K, committed 90048K, reserved 557056K
  class space    used 12494K, committed 12928K, reserved 425984K
}
Event: 153.037 GC heap before
{Heap before GC invocations=68 (full 0):
 garbage-first heap   total 201728K, used 159167K [0x0000000080000000, 0x0000000100000000)
  region size 1024K, 30 young (30720K), 4 survivors (4096K)
 Metaspace       used 90617K, committed 91520K, reserved 557056K
  class space    used 12695K, committed 13120K, reserved 425984K
}
Event: 153.059 GC heap after
{Heap after GC invocations=69 (full 0):
 garbage-first heap   total 201728K, used 134514K [0x0000000080000000, 0x0000000100000000)
  region size 1024K, 2 young (2048K), 2 survivors (2048K)
 Metaspace       used 90617K, committed 91520K, reserved 557056K
  class space    used 12695K, committed 13120K, reserved 425984K
}
Event: 154.379 GC heap before
{Heap before GC invocations=69 (full 0):
 garbage-first heap   total 201728K, used 162162K [0x0000000080000000, 0x0000000100000000)
  region size 1024K, 29 young (29696K), 2 survivors (2048K)
 Metaspace       used 92912K, committed 93888K, reserved 557056K
  class space    used 13065K, committed 13504K, reserved 425984K
}
Event: 154.389 GC heap after
{Heap after GC invocations=70 (full 0):
 garbage-first heap   total 201728K, used 135624K [0x0000000080000000, 0x0000000100000000)
  region size 1024K, 4 young (4096K), 4 survivors (4096K)
 Metaspace       used 92912K, committed 93888K, reserved 557056K
  class space    used 13065K, committed 13504K, reserved 425984K
}
Event: 157.814 GC heap before
{Heap before GC invocations=70 (full 0):
 garbage-first heap   total 201728K, used 163272K [0x0000000080000000, 0x0000000100000000)
  region size 1024K, 31 young (31744K), 4 survivors (4096K)
 Metaspace       used 94456K, committed 95424K, reserved 557056K
  class space    used 13258K, committed 13696K, reserved 425984K
}
Event: 157.830 GC heap after
{Heap after GC invocations=71 (full 0):
 garbage-first heap   total 201728K, used 138608K [0x0000000080000000, 0x0000000100000000)
  region size 1024K, 4 young (4096K), 4 survivors (4096K)
 Metaspace       used 94456K, committed 95424K, reserved 557056K
  class space    used 13258K, committed 13696K, reserved 425984K
}
Event: 158.610 GC heap before
{Heap before GC invocations=71 (full 0):
 garbage-first heap   total 201728K, used 166256K [0x0000000080000000, 0x0000000100000000)
  region size 1024K, 31 young (31744K), 4 survivors (4096K)
 Metaspace       used 95854K, committed 96832K, reserved 557056K
  class space    used 13432K, committed 13888K, reserved 425984K
}
Event: 158.627 GC heap after
{Heap after GC invocations=72 (full 0):
 garbage-first heap   total 201728K, used 140151K [0x0000000080000000, 0x0000000100000000)
  region size 1024K, 3 young (3072K), 3 survivors (3072K)
 Metaspace       used 95854K, committed 96832K, reserved 557056K
  class space    used 13432K, committed 13888K, reserved 425984K
}
Event: 159.625 GC heap before
{Heap before GC invocations=72 (full 0):
 garbage-first heap   total 201728K, used 167799K [0x0000000080000000, 0x0000000100000000)
  region size 1024K, 30 young (30720K), 3 survivors (3072K)
 Metaspace       used 96478K, committed 97408K, reserved 557056K
  class space    used 13496K, committed 13952K, reserved 425984K
}
Event: 159.642 GC heap after
{Heap after GC invocations=73 (full 0):
 garbage-first heap   total 201728K, used 143153K [0x0000000080000000, 0x0000000100000000)
  region size 1024K, 3 young (3072K), 3 survivors (3072K)
 Metaspace       used 96478K, committed 97408K, reserved 557056K
  class space    used 13496K, committed 13952K, reserved 425984K
}
Event: 160.413 GC heap before
{Heap before GC invocations=73 (full 0):
 garbage-first heap   total 201728K, used 169777K [0x0000000080000000, 0x0000000100000000)
  region size 1024K, 29 young (29696K), 3 survivors (3072K)
 Metaspace       used 96815K, committed 97792K, reserved 557056K
  class space    used 13531K, committed 14016K, reserved 425984K
}
Event: 160.426 GC heap after
{Heap after GC invocations=74 (full 0):
 garbage-first heap   total 201728K, used 146217K [0x0000000080000000, 0x0000000100000000)
  region size 1024K, 3 young (3072K), 3 survivors (3072K)
 Metaspace       used 96815K, committed 97792K, reserved 557056K
  class space    used 13531K, committed 14016K, reserved 425984K
}
Event: 163.957 GC heap before
{Heap before GC invocations=74 (full 0):
 garbage-first heap   total 201728K, used 169769K [0x0000000080000000, 0x0000000100000000)
  region size 1024K, 27 young (27648K), 3 survivors (3072K)
 Metaspace       used 97363K, committed 98368K, reserved 557056K
  class space    used 13605K, committed 14080K, reserved 425984K
}
Event: 163.979 GC heap after
{Heap after GC invocations=75 (full 0):
 garbage-first heap   total 242688K, used 148518K [0x0000000080000000, 0x0000000100000000)
  region size 1024K, 3 young (3072K), 3 survivors (3072K)
 Metaspace       used 97363K, committed 98368K, reserved 557056K
  class space    used 13605K, committed 14080K, reserved 425984K
}
Event: 168.707 GC heap before
{Heap before GC invocations=75 (full 0):
 garbage-first heap   total 242688K, used 198694K [0x0000000080000000, 0x0000000100000000)
  region size 1024K, 53 young (54272K), 3 survivors (3072K)
 Metaspace       used 97981K, committed 99008K, reserved 557056K
  class space    used 13666K, committed 14144K, reserved 425984K
}
Event: 168.720 GC heap after
{Heap after GC invocations=76 (full 0):
 garbage-first heap   total 242688K, used 152549K [0x0000000080000000, 0x0000000100000000)
  region size 1024K, 7 young (7168K), 7 survivors (7168K)
 Metaspace       used 97981K, committed 99008K, reserved 557056K
  class space    used 13666K, committed 14144K, reserved 425984K
}

